/*C229*/SET SCHEMA PUBLIC
DISCONNECT
/*C228*/SET SCHEMA PUBLIC
DISCONNECT
/*C230*/SET SCHEMA PUBLIC
DISCONNECT
/*C233*/SET SCHEMA PUBLIC
DISCONNECT
/*C232*/SET SCHEMA PUBLIC
DISCONNECT
/*C231*/SET SCHEMA PUBLIC
DISCONNECT
/*C235*/SET SCHEMA PUBLIC
DISCONNECT
/*C236*/SET SCHEMA PUBLIC
DISCONNECT
/*C234*/SET SCHEMA PUBLIC
DISCONNECT
/*C239*/SET SCHEMA PUBLIC
DELETE FROM USUARIO WHERE ID=29
COMMIT
INSERT INTO USUARIO VALUES(30,'paulo@henrique.com','Paulo Henrique')
COMMIT
INSERT INTO USUARIO VALUES(31,'jose@alberto.com','Jos\u00e9 Alberto')
COMMIT
INSERT INTO LEILAO VALUES(3,'2017-06-28 19:39:36.445000','Geladeira','0',100.0E0,30)
COMMIT
/*C237*/SET SCHEMA PUBLIC
DISCONNECT
/*C238*/SET SCHEMA PUBLIC
DISCONNECT
/*C239*/DISCONNECT
/*C242*/SET SCHEMA PUBLIC
DELETE FROM LEILAO WHERE ID=3
DELETE FROM USUARIO WHERE ID=30
DELETE FROM USUARIO WHERE ID=31
COMMIT
INSERT INTO USUARIO VALUES(32,'paulo@henrique.com','Paulo Henrique')
COMMIT
INSERT INTO USUARIO VALUES(33,'jose@alberto.com','Jos\u00e9 Alberto')
COMMIT
INSERT INTO LEILAO VALUES(4,'2017-06-28 19:41:47.225000','Geladeira','0',100.0E0,32)
COMMIT
INSERT INTO LANCE VALUES(1,'2017-06-28 19:41:50.650000',150.0E0,4,33)
COMMIT
DISCONNECT
/*C241*/SET SCHEMA PUBLIC
DISCONNECT
/*C240*/SET SCHEMA PUBLIC
DISCONNECT
/*C245*/SET SCHEMA PUBLIC
DELETE FROM LANCE WHERE ID=1
DELETE FROM LEILAO WHERE ID=4
DELETE FROM USUARIO WHERE ID=32
DELETE FROM USUARIO WHERE ID=33
COMMIT
INSERT INTO USUARIO VALUES(34,'paulo@henrique.com','Paulo Henrique')
COMMIT
INSERT INTO USUARIO VALUES(35,'jose@alberto.com','Jos\u00e9 Alberto')
COMMIT
INSERT INTO LEILAO VALUES(5,'2017-06-28 19:42:43.844000','Geladeira','0',100.0E0,34)
COMMIT
DELETE FROM LEILAO WHERE ID=5
DELETE FROM USUARIO WHERE ID=34
DELETE FROM USUARIO WHERE ID=35
COMMIT
INSERT INTO USUARIO VALUES(36,'paulo@henrique.com','Paulo Henrique')
COMMIT
INSERT INTO USUARIO VALUES(37,'jose@alberto.com','Jos\u00e9 Alberto')
COMMIT
INSERT INTO LEILAO VALUES(6,'2017-06-28 19:43:24.406000','Geladeira','0',100.0E0,36)
COMMIT
DISCONNECT
/*C244*/SET SCHEMA PUBLIC
DISCONNECT
/*C243*/SET SCHEMA PUBLIC
DISCONNECT
/*C248*/SET SCHEMA PUBLIC
DELETE FROM LEILAO WHERE ID=6
DELETE FROM USUARIO WHERE ID=36
DELETE FROM USUARIO WHERE ID=37
COMMIT
INSERT INTO USUARIO VALUES(38,'paulo@henrique.com','Paulo Henrique')
COMMIT
INSERT INTO USUARIO VALUES(39,'jose@alberto.com','Jos\u00e9 Alberto')
COMMIT
INSERT INTO LEILAO VALUES(7,'2017-06-28 19:44:40.595000','Geladeira','0',100.0E0,38)
COMMIT
INSERT INTO LANCE VALUES(2,'2017-06-28 19:44:41.064000',150.0E0,7,39)
COMMIT
DISCONNECT
/*C247*/SET SCHEMA PUBLIC
DISCONNECT
/*C246*/SET SCHEMA PUBLIC
DISCONNECT
/*C251*/SET SCHEMA PUBLIC
DELETE FROM LANCE WHERE ID=2
DELETE FROM LEILAO WHERE ID=7
DELETE FROM USUARIO WHERE ID=38
DELETE FROM USUARIO WHERE ID=39
COMMIT
INSERT INTO USUARIO VALUES(40,'paulo@henrique.com','Paulo Henrique')
COMMIT
INSERT INTO USUARIO VALUES(41,'jose@alberto.com','Jos\u00e9 Alberto')
COMMIT
INSERT INTO LEILAO VALUES(8,'2017-06-28 19:45:37.291000','Geladeira','0',100.0E0,40)
COMMIT
INSERT INTO LANCE VALUES(3,'2017-06-28 19:45:37.528000',150.0E0,8,41)
COMMIT
DISCONNECT
/*C249*/SET SCHEMA PUBLIC
DISCONNECT
/*C250*/SET SCHEMA PUBLIC
DISCONNECT
/*C252*/SET SCHEMA PUBLIC
DISCONNECT
/*C254*/SET SCHEMA PUBLIC
DISCONNECT
/*C253*/SET SCHEMA PUBLIC
DISCONNECT
/*C255*/SET SCHEMA PUBLIC
DISCONNECT
/*C256*/SET SCHEMA PUBLIC
DISCONNECT
/*C257*/SET SCHEMA PUBLIC
DISCONNECT
/*C258*/SET SCHEMA PUBLIC
DISCONNECT
/*C259*/SET SCHEMA PUBLIC
DISCONNECT
/*C260*/SET SCHEMA PUBLIC
DISCONNECT
/*C262*/SET SCHEMA PUBLIC
DISCONNECT
/*C263*/SET SCHEMA PUBLIC
DISCONNECT
/*C261*/SET SCHEMA PUBLIC
DISCONNECT
/*C266*/SET SCHEMA PUBLIC
DELETE FROM LANCE WHERE ID=3
DELETE FROM LEILAO WHERE ID=8
DELETE FROM USUARIO WHERE ID=40
DELETE FROM USUARIO WHERE ID=41
COMMIT
INSERT INTO USUARIO VALUES(42,'paulo@henrique.com','Paulo Henrique')
COMMIT
INSERT INTO USUARIO VALUES(43,'jose@alberto.com','Jos\u00e9 Alberto')
COMMIT
INSERT INTO LEILAO VALUES(9,'2017-06-28 19:54:15.834000','Geladeira','0',100.0E0,42)
COMMIT
DELETE FROM LEILAO WHERE ID=9
DELETE FROM USUARIO WHERE ID=42
DELETE FROM USUARIO WHERE ID=43
COMMIT
INSERT INTO USUARIO VALUES(44,'paulo@henrique.com','Paulo Henrique')
COMMIT
INSERT INTO USUARIO VALUES(45,'jose@alberto.com','Jos\u00e9 Alberto')
COMMIT
INSERT INTO LEILAO VALUES(10,'2017-06-28 19:55:03.763000','Geladeira','0',100.0E0,44)
COMMIT
DELETE FROM LEILAO WHERE ID=10
DELETE FROM USUARIO WHERE ID=44
DELETE FROM USUARIO WHERE ID=45
COMMIT
DISCONNECT
/*C264*/SET SCHEMA PUBLIC
DISCONNECT
/*C265*/SET SCHEMA PUBLIC
DISCONNECT
/*C269*/SET SCHEMA PUBLIC
INSERT INTO USUARIO VALUES(46,'paulo@henrique.com','Paulo Henrique')
COMMIT
INSERT INTO USUARIO VALUES(47,'jose@alberto.com','Jos\u00e9 Alberto')
COMMIT
INSERT INTO LEILAO VALUES(11,'2017-06-28 19:55:18.949000','Geladeira','0',100.0E0,46)
COMMIT
DELETE FROM LEILAO WHERE ID=11
DELETE FROM USUARIO WHERE ID=46
DELETE FROM USUARIO WHERE ID=47
COMMIT
INSERT INTO USUARIO VALUES(48,'paulo@henrique.com','Paulo Henrique')
COMMIT
INSERT INTO USUARIO VALUES(49,'jose@alberto.com','Jos\u00e9 Alberto')
COMMIT
INSERT INTO LEILAO VALUES(12,'2017-06-28 19:56:03.288000','Geladeira','0',100.0E0,48)
COMMIT
DELETE FROM LEILAO WHERE ID=12
DELETE FROM USUARIO WHERE ID=48
DELETE FROM USUARIO WHERE ID=49
COMMIT
INSERT INTO USUARIO VALUES(50,'paulo@henrique.com','Paulo Henrique')
COMMIT
INSERT INTO USUARIO VALUES(51,'jose@alberto.com','Jos\u00e9 Alberto')
COMMIT
INSERT INTO LEILAO VALUES(13,'2017-06-28 19:56:35.535000','Geladeira','0',100.0E0,50)
COMMIT
DISCONNECT
/*C268*/SET SCHEMA PUBLIC
DISCONNECT
/*C267*/SET SCHEMA PUBLIC
DISCONNECT
/*C272*/SET SCHEMA PUBLIC
DISCONNECT
/*C271*/SET SCHEMA PUBLIC
DISCONNECT
/*C270*/SET SCHEMA PUBLIC
DISCONNECT
/*C274*/SET SCHEMA PUBLIC
DISCONNECT
/*C275*/SET SCHEMA PUBLIC
DISCONNECT
/*C273*/SET SCHEMA PUBLIC
DISCONNECT
/*C278*/SET SCHEMA PUBLIC
DELETE FROM LEILAO WHERE ID=13
DELETE FROM USUARIO WHERE ID=50
DELETE FROM USUARIO WHERE ID=51
COMMIT
INSERT INTO USUARIO VALUES(52,'paulo@henrique.com','Paulo Henrique')
COMMIT
INSERT INTO USUARIO VALUES(53,'jose@alberto.com','Jos\u00e9 Alberto')
COMMIT
INSERT INTO LEILAO VALUES(14,'2017-06-28 20:00:44.265000','Geladeira','0',100.0E0,52)
COMMIT
DISCONNECT
/*C277*/SET SCHEMA PUBLIC
DISCONNECT
/*C276*/SET SCHEMA PUBLIC
DISCONNECT
/*C280*/SET SCHEMA PUBLIC
DISCONNECT
/*C281*/SET SCHEMA PUBLIC
DISCONNECT
/*C279*/SET SCHEMA PUBLIC
DISCONNECT
/*C283*/SET SCHEMA PUBLIC
DISCONNECT
/*C284*/SET SCHEMA PUBLIC
DISCONNECT
/*C282*/SET SCHEMA PUBLIC
DISCONNECT
/*C287*/SET SCHEMA PUBLIC
DISCONNECT
/*C285*/SET SCHEMA PUBLIC
DISCONNECT
/*C286*/SET SCHEMA PUBLIC
DISCONNECT
/*C290*/SET SCHEMA PUBLIC
DELETE FROM LEILAO WHERE ID=14
DELETE FROM USUARIO WHERE ID=52
DELETE FROM USUARIO WHERE ID=53
COMMIT
INSERT INTO USUARIO VALUES(54,'paulo@henrique.com','Paulo Henrique')
COMMIT
INSERT INTO USUARIO VALUES(55,'jose@alberto.com','Jos\u00e9 Alberto')
COMMIT
INSERT INTO LEILAO VALUES(15,'2017-06-28 20:08:19.929000','Geladeira','0',100.0E0,54)
COMMIT
DELETE FROM LEILAO WHERE ID=15
DELETE FROM USUARIO WHERE ID=54
DELETE FROM USUARIO WHERE ID=55
COMMIT
DISCONNECT
/*C289*/SET SCHEMA PUBLIC
DISCONNECT
/*C288*/SET SCHEMA PUBLIC
DISCONNECT
/*C293*/SET SCHEMA PUBLIC
INSERT INTO USUARIO VALUES(56,'paulo@henrique.com','Paulo Henrique')
COMMIT
INSERT INTO USUARIO VALUES(57,'jose@alberto.com','Jos\u00e9 Alberto')
COMMIT
INSERT INTO LEILAO VALUES(16,'2017-06-28 20:08:40.019000','Geladeira','0',100.0E0,56)
COMMIT
DELETE FROM LEILAO WHERE ID=16
DELETE FROM USUARIO WHERE ID=56
DELETE FROM USUARIO WHERE ID=57
COMMIT
INSERT INTO USUARIO VALUES(58,'paulo@henrique.com','Paulo Henrique')
COMMIT
INSERT INTO USUARIO VALUES(59,'jose@alberto.com','Jos\u00e9 Alberto')
COMMIT
INSERT INTO LEILAO VALUES(17,'2017-06-28 20:09:33.613000','Geladeira','0',100.0E0,58)
COMMIT
INSERT INTO LANCE VALUES(4,'2017-06-28 20:09:33.870000',150.0E0,17,59)
COMMIT
DISCONNECT
/*C291*/SET SCHEMA PUBLIC
DISCONNECT
/*C292*/SET SCHEMA PUBLIC
DISCONNECT
/*C296*/SET SCHEMA PUBLIC
DELETE FROM LANCE WHERE ID=4
DELETE FROM LEILAO WHERE ID=17
DELETE FROM USUARIO WHERE ID=58
DELETE FROM USUARIO WHERE ID=59
COMMIT
INSERT INTO USUARIO VALUES(60,'paulo@henrique.com','Paulo Henrique')
COMMIT
INSERT INTO USUARIO VALUES(61,'jose@alberto.com','Jos\u00e9 Alberto')
COMMIT
INSERT INTO LEILAO VALUES(18,'2017-06-28 20:11:24.541000','Geladeira','0',100.0E0,60)
COMMIT
INSERT INTO LANCE VALUES(5,'2017-06-28 20:11:24.848000',150.0E0,18,61)
COMMIT
/*C295*/SET SCHEMA PUBLIC
DISCONNECT
/*C296*/DISCONNECT
/*C294*/SET SCHEMA PUBLIC
DISCONNECT
/*C299*/SET SCHEMA PUBLIC
DISCONNECT
/*C297*/SET SCHEMA PUBLIC
DISCONNECT
/*C298*/SET SCHEMA PUBLIC
DISCONNECT
/*C302*/SET SCHEMA PUBLIC
DISCONNECT
/*C301*/SET SCHEMA PUBLIC
DISCONNECT
/*C300*/SET SCHEMA PUBLIC
DISCONNECT
/*C304*/SET SCHEMA PUBLIC
DISCONNECT
/*C305*/SET SCHEMA PUBLIC
DISCONNECT
/*C303*/SET SCHEMA PUBLIC
DISCONNECT
/*C307*/SET SCHEMA PUBLIC
DISCONNECT
/*C308*/SET SCHEMA PUBLIC
DISCONNECT
/*C306*/SET SCHEMA PUBLIC
DISCONNECT
/*C311*/SET SCHEMA PUBLIC
DISCONNECT
/*C309*/SET SCHEMA PUBLIC
DISCONNECT
/*C310*/SET SCHEMA PUBLIC
DISCONNECT
/*C314*/SET SCHEMA PUBLIC
DISCONNECT
/*C313*/SET SCHEMA PUBLIC
DISCONNECT
/*C312*/SET SCHEMA PUBLIC
DISCONNECT
/*C315*/SET SCHEMA PUBLIC
DISCONNECT
/*C316*/SET SCHEMA PUBLIC
DISCONNECT
/*C317*/SET SCHEMA PUBLIC
DISCONNECT
/*C318*/SET SCHEMA PUBLIC
DISCONNECT
/*C319*/SET SCHEMA PUBLIC
DISCONNECT
/*C320*/SET SCHEMA PUBLIC
DISCONNECT
/*C323*/SET SCHEMA PUBLIC
DISCONNECT
/*C322*/SET SCHEMA PUBLIC
DISCONNECT
/*C321*/SET SCHEMA PUBLIC
DISCONNECT
/*C326*/SET SCHEMA PUBLIC
DISCONNECT
/*C325*/SET SCHEMA PUBLIC
DISCONNECT
/*C324*/SET SCHEMA PUBLIC
DISCONNECT
/*C329*/SET SCHEMA PUBLIC
DISCONNECT
/*C328*/SET SCHEMA PUBLIC
DISCONNECT
/*C327*/SET SCHEMA PUBLIC
DISCONNECT
/*C330*/SET SCHEMA PUBLIC
DISCONNECT
/*C332*/SET SCHEMA PUBLIC
DISCONNECT
/*C331*/SET SCHEMA PUBLIC
DISCONNECT
/*C335*/SET SCHEMA PUBLIC
DISCONNECT
/*C333*/SET SCHEMA PUBLIC
DISCONNECT
/*C334*/SET SCHEMA PUBLIC
DISCONNECT
/*C337*/SET SCHEMA PUBLIC
DISCONNECT
/*C336*/SET SCHEMA PUBLIC
DISCONNECT
/*C338*/SET SCHEMA PUBLIC
DISCONNECT
/*C341*/SET SCHEMA PUBLIC
DISCONNECT
/*C340*/SET SCHEMA PUBLIC
DISCONNECT
/*C339*/SET SCHEMA PUBLIC
DISCONNECT
/*C342*/SET SCHEMA PUBLIC
DISCONNECT
/*C344*/SET SCHEMA PUBLIC
DISCONNECT
/*C343*/SET SCHEMA PUBLIC
DISCONNECT
/*C345*/SET SCHEMA PUBLIC
DISCONNECT
/*C347*/SET SCHEMA PUBLIC
DISCONNECT
/*C346*/SET SCHEMA PUBLIC
DISCONNECT
/*C350*/SET SCHEMA PUBLIC
DISCONNECT
/*C348*/SET SCHEMA PUBLIC
DISCONNECT
/*C349*/SET SCHEMA PUBLIC
DISCONNECT
/*C353*/SET SCHEMA PUBLIC
DISCONNECT
/*C351*/SET SCHEMA PUBLIC
DISCONNECT
/*C352*/SET SCHEMA PUBLIC
DISCONNECT
/*C355*/SET SCHEMA PUBLIC
DISCONNECT
/*C356*/SET SCHEMA PUBLIC
DISCONNECT
/*C354*/SET SCHEMA PUBLIC
DISCONNECT
/*C359*/SET SCHEMA PUBLIC
DISCONNECT
/*C358*/SET SCHEMA PUBLIC
DISCONNECT
/*C357*/SET SCHEMA PUBLIC
DISCONNECT
/*C361*/SET SCHEMA PUBLIC
DISCONNECT
/*C360*/SET SCHEMA PUBLIC
DISCONNECT
/*C362*/SET SCHEMA PUBLIC
DISCONNECT
